Reading OpenROAD database at '/mnt/d/Codes/Github/RTL-to-GDSII-FLow/runs/RUN_2024-10-26_03-16-15/17-openroad-cutrows/adder.odb'…
Reading library file at '/root/.volare/volare/sky130/versions/bdc9412b3e468c102d01b7cf6337be06ec6e9c9a/sky130A/libs.ref/sky130_fd_sc_hd/lib/sky130_fd_sc_hd__tt_025C_1v80.lib'…
Reading design constraints file at '/nix/store/x1b52zn3rc738cv5d5r274v3dsyg5mcf-python3-3.11.9-env/lib/python3.11/site-packages/openlane/scripts/base.sdc'…
[WARNING STA-0366] port 'clk' not found.
[INFO] Using clock clk…
[INFO] Setting output delay to: 5
[INFO] Setting input delay to: 5
[WARNING STA-0366] port 'clk' not found.
[INFO] Setting load to: 0.033442
[INFO] Setting clock uncertainty to: 0.25
[INFO] Setting clock transition to: 0.1499999999999999944488848768742172978818416595458984375
[WARNING STA-0419] transition time can not be specified for virtual clocks.
[INFO] Setting timing derate to: 5%
[WARNING STA-0450] virtual clock clk can not be propagated.
[INFO TAP-0004] Inserted 10 endcaps.
[INFO TAP-0005] Inserted 0 tapcells.
Setting global connections for newly added cells…
[INFO] Setting global connections...
Writing OpenROAD database to '/mnt/d/Codes/Github/RTL-to-GDSII-FLow/runs/RUN_2024-10-26_03-16-15/18-openroad-tapendcapinsertion/adder.odb'…
Writing netlist to '/mnt/d/Codes/Github/RTL-to-GDSII-FLow/runs/RUN_2024-10-26_03-16-15/18-openroad-tapendcapinsertion/adder.nl.v'…
Writing powered netlist to '/mnt/d/Codes/Github/RTL-to-GDSII-FLow/runs/RUN_2024-10-26_03-16-15/18-openroad-tapendcapinsertion/adder.pnl.v'…
Writing layout to '/mnt/d/Codes/Github/RTL-to-GDSII-FLow/runs/RUN_2024-10-26_03-16-15/18-openroad-tapendcapinsertion/adder.def'…
Writing timing constraints to '/mnt/d/Codes/Github/RTL-to-GDSII-FLow/runs/RUN_2024-10-26_03-16-15/18-openroad-tapendcapinsertion/adder.sdc'…
