
===========================================================================
report_checks -path_delay max (Setup)
============================================================================
======================= nom_ss_100C_1v60 Corner ===================================

Startpoint: a[0] (input port clocked by clk)
Endpoint: sum[0] (output port clocked by clk)
Path Group: clk
Path Type: max

Fanout         Cap        Slew       Delay        Time   Description
---------------------------------------------------------------------------------------------
                      0.000000    0.000000    0.000000   clock clk (rise edge)
                                  0.000000    0.000000   clock network delay (ideal)
                                  5.000000    5.000000 ^ input external delay
     2    0.010002    0.083436    0.052345    5.052345 ^ a[0] (in)
                                                         a[0] (net)
                      0.083436    0.000000    5.052345 ^ _0_/B (sky130_fd_sc_hd__xor2_2)
     1    0.033442    0.668048    0.596519    5.648865 ^ _0_/X (sky130_fd_sc_hd__xor2_2)
                                                         sum[0] (net)
                      0.668048    0.000000    5.648865 ^ sum[0] (out)
                                              5.648865   data arrival time

                      0.000000   25.000000   25.000000   clock clk (rise edge)
                                  0.000000   25.000000   clock network delay (ideal)
                                 -0.250000   24.750000   clock uncertainty
                                  0.000000   24.750000   clock reconvergence pessimism
                                 -5.000000   19.750000   output external delay
                                             19.750000   data required time
---------------------------------------------------------------------------------------------
                                             19.750000   data required time
                                             -5.648865   data arrival time
---------------------------------------------------------------------------------------------
                                             14.101135   slack (MET)


Startpoint: a[1] (input port clocked by clk)
Endpoint: sum[1] (output port clocked by clk)
Path Group: clk
Path Type: max

Fanout         Cap        Slew       Delay        Time   Description
---------------------------------------------------------------------------------------------
                      0.000000    0.000000    0.000000   clock clk (rise edge)
                                  0.000000    0.000000   clock network delay (ideal)
                                  5.000000    5.000000 ^ input external delay
     2    0.010002    0.083436    0.052345    5.052345 ^ a[1] (in)
                                                         a[1] (net)
                      0.083436    0.000000    5.052345 ^ _2_/B (sky130_fd_sc_hd__xor2_2)
     1    0.033442    0.668048    0.596519    5.648865 ^ _2_/X (sky130_fd_sc_hd__xor2_2)
                                                         sum[1] (net)
                      0.668048    0.000000    5.648865 ^ sum[1] (out)
                                              5.648865   data arrival time

                      0.000000   25.000000   25.000000   clock clk (rise edge)
                                  0.000000   25.000000   clock network delay (ideal)
                                 -0.250000   24.750000   clock uncertainty
                                  0.000000   24.750000   clock reconvergence pessimism
                                 -5.000000   19.750000   output external delay
                                             19.750000   data required time
---------------------------------------------------------------------------------------------
                                             19.750000   data required time
                                             -5.648865   data arrival time
---------------------------------------------------------------------------------------------
                                             14.101135   slack (MET)


Startpoint: a[2] (input port clocked by clk)
Endpoint: sum[2] (output port clocked by clk)
Path Group: clk
Path Type: max

Fanout         Cap        Slew       Delay        Time   Description
---------------------------------------------------------------------------------------------
                      0.000000    0.000000    0.000000   clock clk (rise edge)
                                  0.000000    0.000000   clock network delay (ideal)
                                  5.000000    5.000000 ^ input external delay
     2    0.010002    0.083436    0.052345    5.052345 ^ a[2] (in)
                                                         a[2] (net)
                      0.083436    0.000000    5.052345 ^ _4_/B (sky130_fd_sc_hd__xor2_2)
     1    0.033442    0.668048    0.596519    5.648865 ^ _4_/X (sky130_fd_sc_hd__xor2_2)
                                                         sum[2] (net)
                      0.668048    0.000000    5.648865 ^ sum[2] (out)
                                              5.648865   data arrival time

                      0.000000   25.000000   25.000000   clock clk (rise edge)
                                  0.000000   25.000000   clock network delay (ideal)
                                 -0.250000   24.750000   clock uncertainty
                                  0.000000   24.750000   clock reconvergence pessimism
                                 -5.000000   19.750000   output external delay
                                             19.750000   data required time
---------------------------------------------------------------------------------------------
                                             19.750000   data required time
                                             -5.648865   data arrival time
---------------------------------------------------------------------------------------------
                                             14.101135   slack (MET)


Startpoint: a[3] (input port clocked by clk)
Endpoint: sum[3] (output port clocked by clk)
Path Group: clk
Path Type: max

Fanout         Cap        Slew       Delay        Time   Description
---------------------------------------------------------------------------------------------
                      0.000000    0.000000    0.000000   clock clk (rise edge)
                                  0.000000    0.000000   clock network delay (ideal)
                                  5.000000    5.000000 ^ input external delay
     2    0.010002    0.083436    0.052345    5.052345 ^ a[3] (in)
                                                         a[3] (net)
                      0.083436    0.000000    5.052345 ^ _6_/B (sky130_fd_sc_hd__xor2_2)
     1    0.033442    0.668048    0.596519    5.648865 ^ _6_/X (sky130_fd_sc_hd__xor2_2)
                                                         sum[3] (net)
                      0.668048    0.000000    5.648865 ^ sum[3] (out)
                                              5.648865   data arrival time

                      0.000000   25.000000   25.000000   clock clk (rise edge)
                                  0.000000   25.000000   clock network delay (ideal)
                                 -0.250000   24.750000   clock uncertainty
                                  0.000000   24.750000   clock reconvergence pessimism
                                 -5.000000   19.750000   output external delay
                                             19.750000   data required time
---------------------------------------------------------------------------------------------
                                             19.750000   data required time
                                             -5.648865   data arrival time
---------------------------------------------------------------------------------------------
                                             14.101135   slack (MET)


Startpoint: a[0] (input port clocked by clk)
Endpoint: Cout[0] (output port clocked by clk)
Path Group: clk
Path Type: max

Fanout         Cap        Slew       Delay        Time   Description
---------------------------------------------------------------------------------------------
                      0.000000    0.000000    0.000000   clock clk (rise edge)
                                  0.000000    0.000000   clock network delay (ideal)
                                  5.000000    5.000000 v input external delay
     2    0.009375    0.045854    0.029397    5.029397 v a[0] (in)
                                                         a[0] (net)
                      0.045854    0.000000    5.029397 v _7_/B (sky130_fd_sc_hd__and2_2)
     1    0.033442    0.193833    0.521511    5.550909 v _7_/X (sky130_fd_sc_hd__and2_2)
                                                         Cout[0] (net)
                      0.193833    0.000000    5.550909 v Cout[0] (out)
                                              5.550909   data arrival time

                      0.000000   25.000000   25.000000   clock clk (rise edge)
                                  0.000000   25.000000   clock network delay (ideal)
                                 -0.250000   24.750000   clock uncertainty
                                  0.000000   24.750000   clock reconvergence pessimism
                                 -5.000000   19.750000   output external delay
                                             19.750000   data required time
---------------------------------------------------------------------------------------------
                                             19.750000   data required time
                                             -5.550909   data arrival time
---------------------------------------------------------------------------------------------
                                             14.199091   slack (MET)


Startpoint: a[1] (input port clocked by clk)
Endpoint: Cout[1] (output port clocked by clk)
Path Group: clk
Path Type: max

Fanout         Cap        Slew       Delay        Time   Description
---------------------------------------------------------------------------------------------
                      0.000000    0.000000    0.000000   clock clk (rise edge)
                                  0.000000    0.000000   clock network delay (ideal)
                                  5.000000    5.000000 v input external delay
     2    0.009375    0.045854    0.029397    5.029397 v a[1] (in)
                                                         a[1] (net)
                      0.045854    0.000000    5.029397 v _1_/B (sky130_fd_sc_hd__and2_2)
     1    0.033442    0.193833    0.521511    5.550909 v _1_/X (sky130_fd_sc_hd__and2_2)
                                                         Cout[1] (net)
                      0.193833    0.000000    5.550909 v Cout[1] (out)
                                              5.550909   data arrival time

                      0.000000   25.000000   25.000000   clock clk (rise edge)
                                  0.000000   25.000000   clock network delay (ideal)
                                 -0.250000   24.750000   clock uncertainty
                                  0.000000   24.750000   clock reconvergence pessimism
                                 -5.000000   19.750000   output external delay
                                             19.750000   data required time
---------------------------------------------------------------------------------------------
                                             19.750000   data required time
                                             -5.550909   data arrival time
---------------------------------------------------------------------------------------------
                                             14.199091   slack (MET)


Startpoint: a[2] (input port clocked by clk)
Endpoint: Cout[2] (output port clocked by clk)
Path Group: clk
Path Type: max

Fanout         Cap        Slew       Delay        Time   Description
---------------------------------------------------------------------------------------------
                      0.000000    0.000000    0.000000   clock clk (rise edge)
                                  0.000000    0.000000   clock network delay (ideal)
                                  5.000000    5.000000 v input external delay
     2    0.009375    0.045854    0.029397    5.029397 v a[2] (in)
                                                         a[2] (net)
                      0.045854    0.000000    5.029397 v _3_/B (sky130_fd_sc_hd__and2_2)
     1    0.033442    0.193833    0.521511    5.550909 v _3_/X (sky130_fd_sc_hd__and2_2)
                                                         Cout[2] (net)
                      0.193833    0.000000    5.550909 v Cout[2] (out)
                                              5.550909   data arrival time

                      0.000000   25.000000   25.000000   clock clk (rise edge)
                                  0.000000   25.000000   clock network delay (ideal)
                                 -0.250000   24.750000   clock uncertainty
                                  0.000000   24.750000   clock reconvergence pessimism
                                 -5.000000   19.750000   output external delay
                                             19.750000   data required time
---------------------------------------------------------------------------------------------
                                             19.750000   data required time
                                             -5.550909   data arrival time
---------------------------------------------------------------------------------------------
                                             14.199091   slack (MET)


Startpoint: a[3] (input port clocked by clk)
Endpoint: Cout[3] (output port clocked by clk)
Path Group: clk
Path Type: max

Fanout         Cap        Slew       Delay        Time   Description
---------------------------------------------------------------------------------------------
                      0.000000    0.000000    0.000000   clock clk (rise edge)
                                  0.000000    0.000000   clock network delay (ideal)
                                  5.000000    5.000000 v input external delay
     2    0.009375    0.045854    0.029397    5.029397 v a[3] (in)
                                                         a[3] (net)
                      0.045854    0.000000    5.029397 v _5_/B (sky130_fd_sc_hd__and2_2)
     1    0.033442    0.193833    0.521511    5.550909 v _5_/X (sky130_fd_sc_hd__and2_2)
                                                         Cout[3] (net)
                      0.193833    0.000000    5.550909 v Cout[3] (out)
                                              5.550909   data arrival time

                      0.000000   25.000000   25.000000   clock clk (rise edge)
                                  0.000000   25.000000   clock network delay (ideal)
                                 -0.250000   24.750000   clock uncertainty
                                  0.000000   24.750000   clock reconvergence pessimism
                                 -5.000000   19.750000   output external delay
                                             19.750000   data required time
---------------------------------------------------------------------------------------------
                                             19.750000   data required time
                                             -5.550909   data arrival time
---------------------------------------------------------------------------------------------
                                             14.199091   slack (MET)



