
===========================================================================
report_checks -path_delay min (Hold)
============================================================================
======================= nom_ss_100C_1v60 Corner ===================================

Startpoint: a[0] (input port clocked by clk)
Endpoint: sum[0] (output port clocked by clk)
Path Group: clk
Path Type: min

Fanout         Cap        Slew       Delay        Time   Description
---------------------------------------------------------------------------------------------
                      0.000000    0.000000    0.000000   clock clk (rise edge)
                                  0.000000    0.000000   clock network delay (ideal)
                                  5.000000    5.000000 ^ input external delay
     2    0.010002    0.083436    0.052345    5.052345 ^ a[0] (in)
                                                         a[0] (net)
                      0.083436    0.000000    5.052345 ^ _0_/B (sky130_fd_sc_hd__xor2_2)
     1    0.033442    0.184990    0.301632    5.353978 v _0_/X (sky130_fd_sc_hd__xor2_2)
                                                         sum[0] (net)
                      0.184990    0.000000    5.353978 v sum[0] (out)
                                              5.353978   data arrival time

                      0.000000    0.000000    0.000000   clock clk (rise edge)
                                  0.000000    0.000000   clock network delay (ideal)
                                  0.250000    0.250000   clock uncertainty
                                  0.000000    0.250000   clock reconvergence pessimism
                                 -5.000000   -4.750000   output external delay
                                             -4.750000   data required time
---------------------------------------------------------------------------------------------
                                             -4.750000   data required time
                                             -5.353978   data arrival time
---------------------------------------------------------------------------------------------
                                             10.103978   slack (MET)


Startpoint: a[1] (input port clocked by clk)
Endpoint: sum[1] (output port clocked by clk)
Path Group: clk
Path Type: min

Fanout         Cap        Slew       Delay        Time   Description
---------------------------------------------------------------------------------------------
                      0.000000    0.000000    0.000000   clock clk (rise edge)
                                  0.000000    0.000000   clock network delay (ideal)
                                  5.000000    5.000000 ^ input external delay
     2    0.010002    0.083436    0.052345    5.052345 ^ a[1] (in)
                                                         a[1] (net)
                      0.083436    0.000000    5.052345 ^ _2_/B (sky130_fd_sc_hd__xor2_2)
     1    0.033442    0.184990    0.301632    5.353978 v _2_/X (sky130_fd_sc_hd__xor2_2)
                                                         sum[1] (net)
                      0.184990    0.000000    5.353978 v sum[1] (out)
                                              5.353978   data arrival time

                      0.000000    0.000000    0.000000   clock clk (rise edge)
                                  0.000000    0.000000   clock network delay (ideal)
                                  0.250000    0.250000   clock uncertainty
                                  0.000000    0.250000   clock reconvergence pessimism
                                 -5.000000   -4.750000   output external delay
                                             -4.750000   data required time
---------------------------------------------------------------------------------------------
                                             -4.750000   data required time
                                             -5.353978   data arrival time
---------------------------------------------------------------------------------------------
                                             10.103978   slack (MET)


Startpoint: a[2] (input port clocked by clk)
Endpoint: sum[2] (output port clocked by clk)
Path Group: clk
Path Type: min

Fanout         Cap        Slew       Delay        Time   Description
---------------------------------------------------------------------------------------------
                      0.000000    0.000000    0.000000   clock clk (rise edge)
                                  0.000000    0.000000   clock network delay (ideal)
                                  5.000000    5.000000 ^ input external delay
     2    0.010002    0.083436    0.052345    5.052345 ^ a[2] (in)
                                                         a[2] (net)
                      0.083436    0.000000    5.052345 ^ _4_/B (sky130_fd_sc_hd__xor2_2)
     1    0.033442    0.184990    0.301632    5.353978 v _4_/X (sky130_fd_sc_hd__xor2_2)
                                                         sum[2] (net)
                      0.184990    0.000000    5.353978 v sum[2] (out)
                                              5.353978   data arrival time

                      0.000000    0.000000    0.000000   clock clk (rise edge)
                                  0.000000    0.000000   clock network delay (ideal)
                                  0.250000    0.250000   clock uncertainty
                                  0.000000    0.250000   clock reconvergence pessimism
                                 -5.000000   -4.750000   output external delay
                                             -4.750000   data required time
---------------------------------------------------------------------------------------------
                                             -4.750000   data required time
                                             -5.353978   data arrival time
---------------------------------------------------------------------------------------------
                                             10.103978   slack (MET)


Startpoint: a[3] (input port clocked by clk)
Endpoint: sum[3] (output port clocked by clk)
Path Group: clk
Path Type: min

Fanout         Cap        Slew       Delay        Time   Description
---------------------------------------------------------------------------------------------
                      0.000000    0.000000    0.000000   clock clk (rise edge)
                                  0.000000    0.000000   clock network delay (ideal)
                                  5.000000    5.000000 ^ input external delay
     2    0.010002    0.083436    0.052345    5.052345 ^ a[3] (in)
                                                         a[3] (net)
                      0.083436    0.000000    5.052345 ^ _6_/B (sky130_fd_sc_hd__xor2_2)
     1    0.033442    0.184990    0.301632    5.353978 v _6_/X (sky130_fd_sc_hd__xor2_2)
                                                         sum[3] (net)
                      0.184990    0.000000    5.353978 v sum[3] (out)
                                              5.353978   data arrival time

                      0.000000    0.000000    0.000000   clock clk (rise edge)
                                  0.000000    0.000000   clock network delay (ideal)
                                  0.250000    0.250000   clock uncertainty
                                  0.000000    0.250000   clock reconvergence pessimism
                                 -5.000000   -4.750000   output external delay
                                             -4.750000   data required time
---------------------------------------------------------------------------------------------
                                             -4.750000   data required time
                                             -5.353978   data arrival time
---------------------------------------------------------------------------------------------
                                             10.103978   slack (MET)


Startpoint: b[0] (input port clocked by clk)
Endpoint: Cout[0] (output port clocked by clk)
Path Group: clk
Path Type: min

Fanout         Cap        Slew       Delay        Time   Description
---------------------------------------------------------------------------------------------
                      0.000000    0.000000    0.000000   clock clk (rise edge)
                                  0.000000    0.000000   clock network delay (ideal)
                                  5.000000    5.000000 ^ input external delay
     2    0.010808    0.088984    0.056342    5.056343 ^ b[0] (in)
                                                         b[0] (net)
                      0.088984    0.000000    5.056343 ^ _7_/A (sky130_fd_sc_hd__and2_2)
     1    0.033442    0.295378    0.448907    5.505250 ^ _7_/X (sky130_fd_sc_hd__and2_2)
                                                         Cout[0] (net)
                      0.295378    0.000000    5.505250 ^ Cout[0] (out)
                                              5.505250   data arrival time

                      0.000000    0.000000    0.000000   clock clk (rise edge)
                                  0.000000    0.000000   clock network delay (ideal)
                                  0.250000    0.250000   clock uncertainty
                                  0.000000    0.250000   clock reconvergence pessimism
                                 -5.000000   -4.750000   output external delay
                                             -4.750000   data required time
---------------------------------------------------------------------------------------------
                                             -4.750000   data required time
                                             -5.505250   data arrival time
---------------------------------------------------------------------------------------------
                                             10.255249   slack (MET)


Startpoint: b[1] (input port clocked by clk)
Endpoint: Cout[1] (output port clocked by clk)
Path Group: clk
Path Type: min

Fanout         Cap        Slew       Delay        Time   Description
---------------------------------------------------------------------------------------------
                      0.000000    0.000000    0.000000   clock clk (rise edge)
                                  0.000000    0.000000   clock network delay (ideal)
                                  5.000000    5.000000 ^ input external delay
     2    0.010808    0.088984    0.056342    5.056343 ^ b[1] (in)
                                                         b[1] (net)
                      0.088984    0.000000    5.056343 ^ _1_/A (sky130_fd_sc_hd__and2_2)
     1    0.033442    0.295378    0.448907    5.505250 ^ _1_/X (sky130_fd_sc_hd__and2_2)
                                                         Cout[1] (net)
                      0.295378    0.000000    5.505250 ^ Cout[1] (out)
                                              5.505250   data arrival time

                      0.000000    0.000000    0.000000   clock clk (rise edge)
                                  0.000000    0.000000   clock network delay (ideal)
                                  0.250000    0.250000   clock uncertainty
                                  0.000000    0.250000   clock reconvergence pessimism
                                 -5.000000   -4.750000   output external delay
                                             -4.750000   data required time
---------------------------------------------------------------------------------------------
                                             -4.750000   data required time
                                             -5.505250   data arrival time
---------------------------------------------------------------------------------------------
                                             10.255249   slack (MET)


Startpoint: b[2] (input port clocked by clk)
Endpoint: Cout[2] (output port clocked by clk)
Path Group: clk
Path Type: min

Fanout         Cap        Slew       Delay        Time   Description
---------------------------------------------------------------------------------------------
                      0.000000    0.000000    0.000000   clock clk (rise edge)
                                  0.000000    0.000000   clock network delay (ideal)
                                  5.000000    5.000000 ^ input external delay
     2    0.010808    0.088984    0.056342    5.056343 ^ b[2] (in)
                                                         b[2] (net)
                      0.088984    0.000000    5.056343 ^ _3_/A (sky130_fd_sc_hd__and2_2)
     1    0.033442    0.295378    0.448907    5.505250 ^ _3_/X (sky130_fd_sc_hd__and2_2)
                                                         Cout[2] (net)
                      0.295378    0.000000    5.505250 ^ Cout[2] (out)
                                              5.505250   data arrival time

                      0.000000    0.000000    0.000000   clock clk (rise edge)
                                  0.000000    0.000000   clock network delay (ideal)
                                  0.250000    0.250000   clock uncertainty
                                  0.000000    0.250000   clock reconvergence pessimism
                                 -5.000000   -4.750000   output external delay
                                             -4.750000   data required time
---------------------------------------------------------------------------------------------
                                             -4.750000   data required time
                                             -5.505250   data arrival time
---------------------------------------------------------------------------------------------
                                             10.255249   slack (MET)


Startpoint: b[3] (input port clocked by clk)
Endpoint: Cout[3] (output port clocked by clk)
Path Group: clk
Path Type: min

Fanout         Cap        Slew       Delay        Time   Description
---------------------------------------------------------------------------------------------
                      0.000000    0.000000    0.000000   clock clk (rise edge)
                                  0.000000    0.000000   clock network delay (ideal)
                                  5.000000    5.000000 ^ input external delay
     2    0.010808    0.088984    0.056342    5.056343 ^ b[3] (in)
                                                         b[3] (net)
                      0.088984    0.000000    5.056343 ^ _5_/A (sky130_fd_sc_hd__and2_2)
     1    0.033442    0.295378    0.448907    5.505250 ^ _5_/X (sky130_fd_sc_hd__and2_2)
                                                         Cout[3] (net)
                      0.295378    0.000000    5.505250 ^ Cout[3] (out)
                                              5.505250   data arrival time

                      0.000000    0.000000    0.000000   clock clk (rise edge)
                                  0.000000    0.000000   clock network delay (ideal)
                                  0.250000    0.250000   clock uncertainty
                                  0.000000    0.250000   clock reconvergence pessimism
                                 -5.000000   -4.750000   output external delay
                                             -4.750000   data required time
---------------------------------------------------------------------------------------------
                                             -4.750000   data required time
                                             -5.505250   data arrival time
---------------------------------------------------------------------------------------------
                                             10.255249   slack (MET)



