
===========================================================================
report_checks -path_delay max (Setup)
============================================================================
======================= nom_tt_025C_1v80 Corner ===================================

Startpoint: a[0] (input port clocked by clk)
Endpoint: sum[0] (output port clocked by clk)
Path Group: clk
Path Type: max

Fanout         Cap        Slew       Delay        Time   Description
---------------------------------------------------------------------------------------------
                      0.000000    0.000000    0.000000   clock clk (rise edge)
                                  0.000000    0.000000   clock network delay (ideal)
                                  5.000000    5.000000 ^ input external delay
     2    0.010034    0.052842    0.034072    5.034072 ^ a[0] (in)
                                                         a[0] (net)
                      0.052842    0.000000    5.034072 ^ _0_/B (sky130_fd_sc_hd__xor2_2)
     1    0.033442    0.429109    0.361382    5.395453 ^ _0_/X (sky130_fd_sc_hd__xor2_2)
                                                         sum[0] (net)
                      0.429109    0.000000    5.395453 ^ sum[0] (out)
                                              5.395453   data arrival time

                      0.000000   25.000000   25.000000   clock clk (rise edge)
                                  0.000000   25.000000   clock network delay (ideal)
                                 -0.250000   24.750000   clock uncertainty
                                  0.000000   24.750000   clock reconvergence pessimism
                                 -5.000000   19.750000   output external delay
                                             19.750000   data required time
---------------------------------------------------------------------------------------------
                                             19.750000   data required time
                                             -5.395453   data arrival time
---------------------------------------------------------------------------------------------
                                             14.354547   slack (MET)


Startpoint: a[1] (input port clocked by clk)
Endpoint: sum[1] (output port clocked by clk)
Path Group: clk
Path Type: max

Fanout         Cap        Slew       Delay        Time   Description
---------------------------------------------------------------------------------------------
                      0.000000    0.000000    0.000000   clock clk (rise edge)
                                  0.000000    0.000000   clock network delay (ideal)
                                  5.000000    5.000000 ^ input external delay
     2    0.010034    0.052842    0.034072    5.034072 ^ a[1] (in)
                                                         a[1] (net)
                      0.052842    0.000000    5.034072 ^ _2_/B (sky130_fd_sc_hd__xor2_2)
     1    0.033442    0.429109    0.361382    5.395453 ^ _2_/X (sky130_fd_sc_hd__xor2_2)
                                                         sum[1] (net)
                      0.429109    0.000000    5.395453 ^ sum[1] (out)
                                              5.395453   data arrival time

                      0.000000   25.000000   25.000000   clock clk (rise edge)
                                  0.000000   25.000000   clock network delay (ideal)
                                 -0.250000   24.750000   clock uncertainty
                                  0.000000   24.750000   clock reconvergence pessimism
                                 -5.000000   19.750000   output external delay
                                             19.750000   data required time
---------------------------------------------------------------------------------------------
                                             19.750000   data required time
                                             -5.395453   data arrival time
---------------------------------------------------------------------------------------------
                                             14.354547   slack (MET)


Startpoint: a[2] (input port clocked by clk)
Endpoint: sum[2] (output port clocked by clk)
Path Group: clk
Path Type: max

Fanout         Cap        Slew       Delay        Time   Description
---------------------------------------------------------------------------------------------
                      0.000000    0.000000    0.000000   clock clk (rise edge)
                                  0.000000    0.000000   clock network delay (ideal)
                                  5.000000    5.000000 ^ input external delay
     2    0.010034    0.052842    0.034072    5.034072 ^ a[2] (in)
                                                         a[2] (net)
                      0.052842    0.000000    5.034072 ^ _4_/B (sky130_fd_sc_hd__xor2_2)
     1    0.033442    0.429109    0.361382    5.395453 ^ _4_/X (sky130_fd_sc_hd__xor2_2)
                                                         sum[2] (net)
                      0.429109    0.000000    5.395453 ^ sum[2] (out)
                                              5.395453   data arrival time

                      0.000000   25.000000   25.000000   clock clk (rise edge)
                                  0.000000   25.000000   clock network delay (ideal)
                                 -0.250000   24.750000   clock uncertainty
                                  0.000000   24.750000   clock reconvergence pessimism
                                 -5.000000   19.750000   output external delay
                                             19.750000   data required time
---------------------------------------------------------------------------------------------
                                             19.750000   data required time
                                             -5.395453   data arrival time
---------------------------------------------------------------------------------------------
                                             14.354547   slack (MET)


Startpoint: a[3] (input port clocked by clk)
Endpoint: sum[3] (output port clocked by clk)
Path Group: clk
Path Type: max

Fanout         Cap        Slew       Delay        Time   Description
---------------------------------------------------------------------------------------------
                      0.000000    0.000000    0.000000   clock clk (rise edge)
                                  0.000000    0.000000   clock network delay (ideal)
                                  5.000000    5.000000 ^ input external delay
     2    0.010034    0.052842    0.034072    5.034072 ^ a[3] (in)
                                                         a[3] (net)
                      0.052842    0.000000    5.034072 ^ _6_/B (sky130_fd_sc_hd__xor2_2)
     1    0.033442    0.429109    0.361382    5.395453 ^ _6_/X (sky130_fd_sc_hd__xor2_2)
                                                         sum[3] (net)
                      0.429109    0.000000    5.395453 ^ sum[3] (out)
                                              5.395453   data arrival time

                      0.000000   25.000000   25.000000   clock clk (rise edge)
                                  0.000000   25.000000   clock network delay (ideal)
                                 -0.250000   24.750000   clock uncertainty
                                  0.000000   24.750000   clock reconvergence pessimism
                                 -5.000000   19.750000   output external delay
                                             19.750000   data required time
---------------------------------------------------------------------------------------------
                                             19.750000   data required time
                                             -5.395453   data arrival time
---------------------------------------------------------------------------------------------
                                             14.354547   slack (MET)


Startpoint: a[0] (input port clocked by clk)
Endpoint: Cout[0] (output port clocked by clk)
Path Group: clk
Path Type: max

Fanout         Cap        Slew       Delay        Time   Description
---------------------------------------------------------------------------------------------
                      0.000000    0.000000    0.000000   clock clk (rise edge)
                                  0.000000    0.000000   clock network delay (ideal)
                                  5.000000    5.000000 ^ input external delay
     2    0.010034    0.052842    0.034072    5.034072 ^ a[0] (in)
                                                         a[0] (net)
                      0.052842    0.000000    5.034072 ^ _7_/B (sky130_fd_sc_hd__and2_2)
     1    0.033442    0.180766    0.244752    5.278824 ^ _7_/X (sky130_fd_sc_hd__and2_2)
                                                         Cout[0] (net)
                      0.180766    0.000000    5.278824 ^ Cout[0] (out)
                                              5.278824   data arrival time

                      0.000000   25.000000   25.000000   clock clk (rise edge)
                                  0.000000   25.000000   clock network delay (ideal)
                                 -0.250000   24.750000   clock uncertainty
                                  0.000000   24.750000   clock reconvergence pessimism
                                 -5.000000   19.750000   output external delay
                                             19.750000   data required time
---------------------------------------------------------------------------------------------
                                             19.750000   data required time
                                             -5.278824   data arrival time
---------------------------------------------------------------------------------------------
                                             14.471176   slack (MET)


Startpoint: a[1] (input port clocked by clk)
Endpoint: Cout[1] (output port clocked by clk)
Path Group: clk
Path Type: max

Fanout         Cap        Slew       Delay        Time   Description
---------------------------------------------------------------------------------------------
                      0.000000    0.000000    0.000000   clock clk (rise edge)
                                  0.000000    0.000000   clock network delay (ideal)
                                  5.000000    5.000000 ^ input external delay
     2    0.010034    0.052842    0.034072    5.034072 ^ a[1] (in)
                                                         a[1] (net)
                      0.052842    0.000000    5.034072 ^ _1_/B (sky130_fd_sc_hd__and2_2)
     1    0.033442    0.180766    0.244752    5.278824 ^ _1_/X (sky130_fd_sc_hd__and2_2)
                                                         Cout[1] (net)
                      0.180766    0.000000    5.278824 ^ Cout[1] (out)
                                              5.278824   data arrival time

                      0.000000   25.000000   25.000000   clock clk (rise edge)
                                  0.000000   25.000000   clock network delay (ideal)
                                 -0.250000   24.750000   clock uncertainty
                                  0.000000   24.750000   clock reconvergence pessimism
                                 -5.000000   19.750000   output external delay
                                             19.750000   data required time
---------------------------------------------------------------------------------------------
                                             19.750000   data required time
                                             -5.278824   data arrival time
---------------------------------------------------------------------------------------------
                                             14.471176   slack (MET)


Startpoint: a[2] (input port clocked by clk)
Endpoint: Cout[2] (output port clocked by clk)
Path Group: clk
Path Type: max

Fanout         Cap        Slew       Delay        Time   Description
---------------------------------------------------------------------------------------------
                      0.000000    0.000000    0.000000   clock clk (rise edge)
                                  0.000000    0.000000   clock network delay (ideal)
                                  5.000000    5.000000 ^ input external delay
     2    0.010034    0.052842    0.034072    5.034072 ^ a[2] (in)
                                                         a[2] (net)
                      0.052842    0.000000    5.034072 ^ _3_/B (sky130_fd_sc_hd__and2_2)
     1    0.033442    0.180766    0.244752    5.278824 ^ _3_/X (sky130_fd_sc_hd__and2_2)
                                                         Cout[2] (net)
                      0.180766    0.000000    5.278824 ^ Cout[2] (out)
                                              5.278824   data arrival time

                      0.000000   25.000000   25.000000   clock clk (rise edge)
                                  0.000000   25.000000   clock network delay (ideal)
                                 -0.250000   24.750000   clock uncertainty
                                  0.000000   24.750000   clock reconvergence pessimism
                                 -5.000000   19.750000   output external delay
                                             19.750000   data required time
---------------------------------------------------------------------------------------------
                                             19.750000   data required time
                                             -5.278824   data arrival time
---------------------------------------------------------------------------------------------
                                             14.471176   slack (MET)


Startpoint: a[3] (input port clocked by clk)
Endpoint: Cout[3] (output port clocked by clk)
Path Group: clk
Path Type: max

Fanout         Cap        Slew       Delay        Time   Description
---------------------------------------------------------------------------------------------
                      0.000000    0.000000    0.000000   clock clk (rise edge)
                                  0.000000    0.000000   clock network delay (ideal)
                                  5.000000    5.000000 ^ input external delay
     2    0.010034    0.052842    0.034072    5.034072 ^ a[3] (in)
                                                         a[3] (net)
                      0.052842    0.000000    5.034072 ^ _5_/B (sky130_fd_sc_hd__and2_2)
     1    0.033442    0.180766    0.244752    5.278824 ^ _5_/X (sky130_fd_sc_hd__and2_2)
                                                         Cout[3] (net)
                      0.180766    0.000000    5.278824 ^ Cout[3] (out)
                                              5.278824   data arrival time

                      0.000000   25.000000   25.000000   clock clk (rise edge)
                                  0.000000   25.000000   clock network delay (ideal)
                                 -0.250000   24.750000   clock uncertainty
                                  0.000000   24.750000   clock reconvergence pessimism
                                 -5.000000   19.750000   output external delay
                                             19.750000   data required time
---------------------------------------------------------------------------------------------
                                             19.750000   data required time
                                             -5.278824   data arrival time
---------------------------------------------------------------------------------------------
                                             14.471176   slack (MET)



